D:\SYNCHRONIZATION\Универ\Параллельное программирование\ЛР\MATRIXMULTIPLICATION\MATRIXMULTIPLICATION\DEBUG\MATRIXMULTIPLICATION.OBJ
D:\SYNCHRONIZATION\Универ\Параллельное программирование\ЛР\MATRIXMULTIPLICATION\MATRIXMULTIPLICATION\DEBUG\STDAFX.OBJ
D:\SYNCHRONIZATION\УНИВЕР\ПАРАЛЛЕЛЬНОЕ ПРОГРАММИРОВАНИЕ\ЛР\MATRIXMULTIPLICATION\MATRIXMULTIPLICATION\DEBUG\VC110.PDB
D:\SYNCHRONIZATION\Универ\Параллельное программирование\ЛР\MATRIXMULTIPLICATION\DEBUG\MATRIXMULTIPLICATION.ILK
D:\SYNCHRONIZATION\Универ\Параллельное программирование\ЛР\MATRIXMULTIPLICATION\DEBUG\MATRIXMULTIPLICATION.EXE
D:\SYNCHRONIZATION\УНИВЕР\ПАРАЛЛЕЛЬНОЕ ПРОГРАММИРОВАНИЕ\ЛР\MATRIXMULTIPLICATION\DEBUG\MATRIXMULTIPLICATION.PDB
D:\Synchronization\Универ\Параллельное программирование\ЛР\MatrixMultiplication\MatrixMultiplication\Debug\MatrixMultiplication.obj
D:\Synchronization\Универ\Параллельное программирование\ЛР\MatrixMultiplication\MatrixMultiplication\Debug\stdafx.obj
D:\Synchronization\Универ\Параллельное программирование\ЛР\MatrixMultiplication\MatrixMultiplication\Debug\cl.command.1.tlog
D:\Synchronization\Универ\Параллельное программирование\ЛР\MatrixMultiplication\MatrixMultiplication\Debug\CL.read.1.tlog
D:\Synchronization\Универ\Параллельное программирование\ЛР\MatrixMultiplication\MatrixMultiplication\Debug\CL.write.1.tlog
D:\Synchronization\Универ\Параллельное программирование\ЛР\MatrixMultiplication\MatrixMultiplication\Debug\link-cvtres.read.1.tlog
D:\Synchronization\Универ\Параллельное программирование\ЛР\MatrixMultiplication\MatrixMultiplication\Debug\link-cvtres.write.1.tlog
D:\Synchronization\Универ\Параллельное программирование\ЛР\MatrixMultiplication\MatrixMultiplication\Debug\link-rc.read.1.tlog
D:\Synchronization\Универ\Параллельное программирование\ЛР\MatrixMultiplication\MatrixMultiplication\Debug\link-rc.write.1.tlog
D:\Synchronization\Универ\Параллельное программирование\ЛР\MatrixMultiplication\MatrixMultiplication\Debug\link.command.1.tlog
D:\Synchronization\Универ\Параллельное программирование\ЛР\MatrixMultiplication\MatrixMultiplication\Debug\link.read.1.tlog
D:\Synchronization\Универ\Параллельное программирование\ЛР\MatrixMultiplication\MatrixMultiplication\Debug\link.write.1.tlog
D:\Synchronization\Универ\Параллельное программирование\ЛР\MatrixMultiplication\MatrixMultiplication\Debug\vc110.idb
D:\Synchronization\Универ\Параллельное программирование\ЛР\MatrixMultiplication\MatrixMultiplication\Debug\vc110.pdb
D:\Synchronization\Универ\Параллельное программирование\ЛР\MatrixMultiplication\Debug\MatrixMultiplication.pdb
D:\Synchronization\Универ\Параллельное программирование\ЛР\MatrixMultiplication\Debug\MatrixMultiplication.exe
D:\Synchronization\Универ\Параллельное программирование\ЛР\MatrixMultiplication\Debug\MatrixMultiplication.ilk
